  main.cpp
e:\users\kris\documents\college\fifth year onedrive\onedrive\fifth year - computers\cs7033 - real-time animation\assignments\code\real-time-animation-a3\a3\a3\Antons_maths_funcs.h(441): warning C4244: 'return': conversion from 'double' to 'float', possible loss of data
e:\users\kris\documents\college\fifth year onedrive\onedrive\fifth year - computers\cs7033 - real-time animation\assignments\code\real-time-animation-a3\a3\a3\Antons_maths_funcs.h(445): warning C4244: 'initializing': conversion from 'double' to 'float', possible loss of data
e:\users\kris\documents\college\fifth year onedrive\onedrive\fifth year - computers\cs7033 - real-time animation\assignments\code\real-time-animation-a3\a3\a3\Antons_maths_funcs.h(640): warning C4244: 'initializing': conversion from 'double' to 'float', possible loss of data
e:\users\kris\documents\college\fifth year onedrive\onedrive\fifth year - computers\cs7033 - real-time animation\assignments\code\real-time-animation-a3\a3\a3\Antons_maths_funcs.h(652): warning C4244: 'initializing': conversion from 'double' to 'float', possible loss of data
e:\users\kris\documents\college\fifth year onedrive\onedrive\fifth year - computers\cs7033 - real-time animation\assignments\code\real-time-animation-a3\a3\a3\Antons_maths_funcs.h(664): warning C4244: 'initializing': conversion from 'double' to 'float', possible loss of data
e:\users\kris\documents\college\fifth year onedrive\onedrive\fifth year - computers\cs7033 - real-time animation\assignments\code\real-time-animation-a3\a3\a3\Antons_maths_funcs.h(712): warning C4244: 'initializing': conversion from 'double' to 'float', possible loss of data
e:\users\kris\documents\college\fifth year onedrive\onedrive\fifth year - computers\cs7033 - real-time animation\assignments\code\real-time-animation-a3\a3\a3\Antons_maths_funcs.h(729): warning C4244: '=': conversion from 'double' to 'float', possible loss of data
e:\users\kris\documents\college\fifth year onedrive\onedrive\fifth year - computers\cs7033 - real-time animation\assignments\code\real-time-animation-a3\a3\a3\Antons_maths_funcs.h(730): warning C4244: '=': conversion from 'double' to 'float', possible loss of data
e:\users\kris\documents\college\fifth year onedrive\onedrive\fifth year - computers\cs7033 - real-time animation\assignments\code\real-time-animation-a3\a3\a3\Antons_maths_funcs.h(731): warning C4244: '=': conversion from 'double' to 'float', possible loss of data
e:\users\kris\documents\college\fifth year onedrive\onedrive\fifth year - computers\cs7033 - real-time animation\assignments\code\real-time-animation-a3\a3\a3\Antons_maths_funcs.h(732): warning C4244: '=': conversion from 'double' to 'float', possible loss of data
e:\users\kris\documents\college\fifth year onedrive\onedrive\fifth year - computers\cs7033 - real-time animation\assignments\code\real-time-animation-a3\a3\a3\Antons_maths_funcs.h(737): warning C4244: 'argument': conversion from 'double' to 'float', possible loss of data
e:\users\kris\documents\college\fifth year onedrive\onedrive\fifth year - computers\cs7033 - real-time animation\assignments\code\real-time-animation-a3\a3\a3\Camera.h(129): warning C4244: 'return': conversion from 'double' to 'GLfloat', possible loss of data
e:\users\kris\documents\college\fifth year onedrive\onedrive\fifth year - computers\cs7033 - real-time animation\assignments\code\real-time-animation-a3\a3\a3\PlaneRotation.h(16): warning C4244: 'return': conversion from 'double' to 'GLfloat', possible loss of data
e:\users\kris\documents\college\fifth year onedrive\onedrive\fifth year - computers\cs7033 - real-time animation\assignments\code\real-time-animation-a3\a3\a3\Bone.h(117): warning C4390: ';': empty controlled statement found; is this the intent?
main.cpp(224): warning C4244: '=': conversion from 'int' to 'GLfloat', possible loss of data
main.cpp(225): warning C4244: '=': conversion from 'int' to 'GLfloat', possible loss of data
main.cpp(232): warning C4244: '=': conversion from 'int' to 'GLfloat', possible loss of data
main.cpp(233): warning C4244: '=': conversion from 'int' to 'GLfloat', possible loss of data
main.cpp(247): warning C4244: 'argument': conversion from 'time_t' to 'unsigned int', possible loss of data
  Generating code
  2 of 683 functions ( 0.3%) were compiled, the rest were copied from previous compilation.
    0 functions were new in current compilation
    1 functions had inline decision re-evaluated but remain unchanged
  Finished generating code
  A3.vcxproj -> E:\Users\Kris\Documents\College\Fifth Year OneDrive\OneDrive\Fifth Year - Computers\CS7033 - Real-time Animation\Assignments\Code\Real-Time-Animation-A3\A3\Release\A3.exe
